<?xml version="1.0" encoding="UTF-8"?>
<testng-results ignored="0" total="1" passed="1" failed="0" skipped="0">
  <reporter-output>
  </reporter-output>
  <suite started-at="2025-01-14T13:39:31 PST" name="Surefire suite" finished-at="2025-01-14T13:40:26 PST" duration-ms="54749">
    <groups>
    </groups>
    <test started-at="2025-01-14T13:39:31 PST" name="Surefire test" finished-at="2025-01-14T13:40:26 PST" duration-ms="54749">
      <class name="SeleniumDEMO.SeleniumDEMO">
        <test-method is-config="true" signature="setup()[pri:0, instance:SeleniumDEMO.SeleniumDEMO@6892b3b6]" started-at="2025-01-14T13:39:31 PST" name="setup" finished-at="2025-01-14T13:39:38 PST" duration-ms="7152" status="PASS">
          <reporter-output>
          </reporter-output>
        </test-method> <!-- setup -->
        <test-method signature="clickloginbutton()[pri:0, instance:SeleniumDEMO.SeleniumDEMO@6892b3b6]" started-at="2025-01-14T13:39:39 PST" name="clickloginbutton" finished-at="2025-01-14T13:40:26 PST" duration-ms="47348" status="PASS">
          <reporter-output>
          </reporter-output>
        </test-method> <!-- clickloginbutton -->
      </class> <!-- SeleniumDEMO.SeleniumDEMO -->
    </test> <!-- Surefire test -->
  </suite> <!-- Surefire suite -->
</testng-results>
